{
  "RSpec": {
    "coverage": {
      "/Users/jonan/Dropbox/hungry_academy/feed_engine/config/environment.rb": [
        null,
        1,
        null,
        null,
        1
      ],
      "/Users/jonan/Dropbox/hungry_academy/feed_engine/config/application.rb": [
        1,
        null,
        null,
        1,
        1,
        1,
        1,
        1,
        null,
        null,
        1,
        null,
        1,
        null,
        null,
        null,
        null,
        1,
        1,
        null,
        null,
        null,
        null,
        null,
        null,
        null,
        null,
        null,
        null,
        null,
        null,
        null,
        null,
        null,
        null,
        null,
        null,
        null,
        null,
        null,
        null,
        null,
        1,
        null,
        null,
        1,
        null,
        null,
        null,
        null,
        null,
        null,
        null,
        null,
        null,
        null,
        1,
        null,
        null,
        1,
        null,
        null,
        1,
        null,
        null
      ],
      "/Users/jonan/Dropbox/hungry_academy/feed_engine/config/boot.rb": [
        1,
        null,
        null,
        1,
        null,
        1
      ],
      "/Users/jonan/Dropbox/hungry_academy/feed_engine/config/environments/test.rb": [
        1,
        null,
        null,
        null,
        null,
        null,
        null,
        1,
        null,
        null,
        1,
        1,
        null,
        null,
        1,
        null,
        null,
        1,
        1,
        null,
        null,
        1,
        null,
        null,
        1,
        null,
        null,
        null,
        null,
        1,
        null,
        null,
        1,
        null,
        null,
        1,
        null
      ],
      "/Users/jonan/Dropbox/hungry_academy/feed_engine/config/initializers/backtrace_silencers.rb": [
        null,
        null,
        null,
        null,
        null,
        null,
        null
      ],
      "/Users/jonan/Dropbox/hungry_academy/feed_engine/config/initializers/inflections.rb": [
        null,
        null,
        null,
        null,
        null,
        null,
        null,
        null,
        null,
        null,
        null,
        null,
        null,
        null,
        null
      ],
      "/Users/jonan/Dropbox/hungry_academy/feed_engine/config/initializers/mime_types.rb": [
        null,
        null,
        null,
        null,
        null
      ],
      "/Users/jonan/Dropbox/hungry_academy/feed_engine/config/initializers/secret_token.rb": [
        null,
        null,
        null,
        null,
        null,
        null,
        1
      ],
      "/Users/jonan/Dropbox/hungry_academy/feed_engine/config/initializers/session_store.rb": [
        null,
        null,
        1,
        null,
        null,
        null,
        null,
        null
      ],
      "/Users/jonan/Dropbox/hungry_academy/feed_engine/config/initializers/wrap_parameters.rb": [
        null,
        null,
        null,
        null,
        null,
        null,
        1,
        1,
        null,
        null,
        null,
        1,
        1,
        null
      ],
      "/Users/jonan/Dropbox/hungry_academy/feed_engine/app/controllers/application_controller.rb": [
        1,
        1,
        null,
        1,
        0,
        null,
        null,
        null
      ],
      "/Users/jonan/Dropbox/hungry_academy/feed_engine/app/helpers/application_helper.rb": [
        1,
        null
      ],
      "/Users/jonan/Dropbox/hungry_academy/feed_engine/app/helpers/dashboard_helper.rb": [
        1,
        null
      ],
      "/Users/jonan/Dropbox/hungry_academy/feed_engine/app/helpers/home_helper.rb": [
        1,
        null
      ],
      "/Users/jonan/Dropbox/hungry_academy/feed_engine/app/helpers/posts_helper.rb": [
        1,
        null
      ],
      "/Users/jonan/Dropbox/hungry_academy/feed_engine/app/controllers/dashboard_controller.rb": [
        1,
        null,
        1,
        null,
        null,
        null
      ],
      "/Users/jonan/Dropbox/hungry_academy/feed_engine/app/controllers/home_controller.rb": [
        1,
        1,
        null,
        null,
        null,
        null,
        null
      ],
      "/Users/jonan/Dropbox/hungry_academy/feed_engine/app/controllers/posts_controller.rb": [
        1,
        null,
        1,
        0,
        null,
        null,
        1,
        0,
        0,
        0,
        null,
        0,
        null,
        null,
        null,
        1,
        0,
        null,
        null,
        null
      ],
      "/Users/jonan/Dropbox/hungry_academy/feed_engine/app/controllers/users_controller.rb": [
        1,
        null,
        1,
        null,
        null,
        1,
        null,
        null,
        null
      ],
      "/Users/jonan/Dropbox/hungry_academy/feed_engine/config/routes.rb": [
        1,
        1,
        null,
        1,
        null,
        1,
        1,
        null,
        null
      ],
      "/Users/jonan/Dropbox/hungry_academy/feed_engine/spec/support/request_helpers/login.rb": [
        1,
        1,
        1,
        0,
        0,
        0,
        null,
        null,
        null
      ],
      "/Users/jonan/Dropbox/hungry_academy/feed_engine/spec/support/request_helpers/signup.rb": [
        1,
        1,
        1,
        0,
        0,
        0,
        0,
        0,
        null,
        null,
        null
      ],
      "/Users/jonan/Dropbox/hungry_academy/feed_engine/spec/controllers/posts_controller_spec.rb": [
        1,
        null,
        1,
        null,
        null
      ],
      "/Users/jonan/Dropbox/hungry_academy/feed_engine/spec/helpers/dashboard_helper_spec.rb": [
        1,
        null,
        1,
        null
      ],
      "/Users/jonan/Dropbox/hungry_academy/feed_engine/spec/helpers/posts_helper_spec.rb": [
        1,
        null,
        1,
        null
      ],
      "/Users/jonan/Dropbox/hungry_academy/feed_engine/spec/requests/authentication_requests_spec.rb": [
        1,
        null,
        1,
        1,
        3,
        null,
        1,
        1,
        1,
        null,
        0,
        0,
        null,
        1,
        1,
        0,
        0,
        0,
        0,
        0,
        null,
        1,
        1,
        1,
        1,
        1,
        1,
        1,
        null,
        1,
        1,
        1,
        1,
        0,
        null,
        0,
        0,
        null,
        1,
        null,
        null,
        1,
        null
      ]
    },
    "timestamp": 1336524075
  }
}
